2025-05-31T13:25:13.551+03:00  INFO 7908 --- [leetReader] [main] c.l.leetReader.LeetReaderApplication     : Starting LeetReaderApplication using Java 22.0.1 with PID 7908 (I:\leetReader\leetReader\target\classes started by Ibrahim Abdellatif in I:\leetReader\leetReader)
2025-05-31T13:25:13.566+03:00  INFO 7908 --- [leetReader] [main] c.l.leetReader.LeetReaderApplication     : No active profile set, falling back to 1 default profile: "default"
2025-05-31T13:25:17.676+03:00  INFO 7908 --- [leetReader] [main] .s.d.r.c.RepositoryConfigurationDelegate : Bootstrapping Spring Data JPA repositories in DEFAULT mode.
2025-05-31T13:25:18.376+03:00  INFO 7908 --- [leetReader] [main] .s.d.r.c.RepositoryConfigurationDelegate : Finished Spring Data repository scanning in 657 ms. Found 3 JPA repository interfaces.
2025-05-31T13:25:21.913+03:00  INFO 7908 --- [leetReader] [main] o.s.b.w.embedded.tomcat.TomcatWebServer  : Tomcat initialized with port 8080 (http)
2025-05-31T13:25:22.000+03:00  INFO 7908 --- [leetReader] [main] o.apache.catalina.core.StandardService   : Starting service [Tomcat]
2025-05-31T13:25:22.000+03:00  INFO 7908 --- [leetReader] [main] o.apache.catalina.core.StandardEngine    : Starting Servlet engine: [Apache Tomcat/10.1.28]
2025-05-31T13:25:22.735+03:00  INFO 7908 --- [leetReader] [main] o.a.c.c.C.[Tomcat].[localhost].[/]       : Initializing Spring embedded WebApplicationContext
2025-05-31T13:25:22.735+03:00  INFO 7908 --- [leetReader] [main] w.s.c.ServletWebServerApplicationContext : Root WebApplicationContext: initialization completed in 8980 ms
2025-05-31T13:25:24.045+03:00  INFO 7908 --- [leetReader] [main] o.hibernate.jpa.internal.util.LogHelper  : HHH000204: Processing PersistenceUnitInfo [name: default]
2025-05-31T13:25:24.856+03:00  INFO 7908 --- [leetReader] [main] org.hibernate.Version                    : HHH000412: Hibernate ORM core version 6.5.2.Final
2025-05-31T13:25:25.081+03:00  INFO 7908 --- [leetReader] [main] o.h.c.internal.RegionFactoryInitiator    : HHH000026: Second-level cache disabled
2025-05-31T13:25:26.071+03:00  INFO 7908 --- [leetReader] [main] o.s.o.j.p.SpringPersistenceUnitInfo      : No LoadTimeWeaver setup: ignoring JPA class transformer
2025-05-31T13:25:26.137+03:00  INFO 7908 --- [leetReader] [main] com.zaxxer.hikari.HikariDataSource       : HikariPool-1 - Starting...
2025-05-31T13:25:27.280+03:00  INFO 7908 --- [leetReader] [main] com.zaxxer.hikari.pool.HikariPool        : HikariPool-1 - Added connection com.mysql.cj.jdbc.ConnectionImpl@65015a49
2025-05-31T13:25:27.284+03:00  INFO 7908 --- [leetReader] [main] com.zaxxer.hikari.HikariDataSource       : HikariPool-1 - Start completed.
2025-05-31T13:25:27.459+03:00  WARN 7908 --- [leetReader] [main] org.hibernate.orm.deprecation            : HHH90000025: MySQLDialect does not need to be specified explicitly using 'hibernate.dialect' (remove the property setting and it will be selected by default)
2025-05-31T13:25:32.445+03:00  INFO 7908 --- [leetReader] [main] o.h.e.t.j.p.i.JtaPlatformInitiator       : HHH000489: No JTA platform available (set 'hibernate.transaction.jta.platform' to enable JTA platform integration)
2025-05-31T13:25:32.871+03:00  INFO 7908 --- [leetReader] [main] j.LocalContainerEntityManagerFactoryBean : Initialized JPA EntityManagerFactory for persistence unit 'default'
2025-05-31T13:25:34.647+03:00  INFO 7908 --- [leetReader] [main] o.s.d.j.r.query.QueryEnhancerFactory     : Hibernate is in classpath; If applicable, HQL parser will be used.
2025-05-31T13:25:38.636+03:00  WARN 7908 --- [leetReader] [main] JpaBaseConfiguration$JpaWebConfiguration : spring.jpa.open-in-view is enabled by default. Therefore, database queries may be performed during view rendering. Explicitly configure spring.jpa.open-in-view to disable this warning
2025-05-31T13:25:38.731+03:00  INFO 7908 --- [leetReader] [main] r$InitializeUserDetailsManagerConfigurer : Global AuthenticationManager configured with UserDetailsService bean with name userService
2025-05-31T13:25:49.600+03:00  INFO 7908 --- [leetReader] [main] o.s.b.w.embedded.tomcat.TomcatWebServer  : Tomcat started on port 8080 (http) with context path '/'
2025-05-31T13:25:49.628+03:00  INFO 7908 --- [leetReader] [main] c.l.leetReader.LeetReaderApplication     : Started LeetReaderApplication in 37.579 seconds (process running for 39.006)
2025-05-31T13:28:53.129+03:00  INFO 7908 --- [leetReader] [http-nio-8080-exec-2] o.a.c.c.C.[Tomcat].[localhost].[/]       : Initializing Spring DispatcherServlet 'dispatcherServlet'
2025-05-31T13:28:53.130+03:00  INFO 7908 --- [leetReader] [http-nio-8080-exec-2] o.s.web.servlet.DispatcherServlet        : Initializing Servlet 'dispatcherServlet'
2025-05-31T13:28:53.131+03:00  INFO 7908 --- [leetReader] [http-nio-8080-exec-2] o.s.web.servlet.DispatcherServlet        : Completed initialization in 1 ms
2025-05-31T13:28:53.981+03:00 ERROR 7908 --- [leetReader] [http-nio-8080-exec-2] c.l.l.exception.GlobalExceptionHandler   : User with username: ibrahim10 duplicate title of existing Article path /api/v1/articles/9
2025-05-31T13:41:38.998+03:00  INFO 7908 --- [leetReader] [SpringApplicationShutdownHook] j.LocalContainerEntityManagerFactoryBean : Closing JPA EntityManagerFactory for persistence unit 'default'
2025-05-31T13:41:39.014+03:00  INFO 7908 --- [leetReader] [SpringApplicationShutdownHook] com.zaxxer.hikari.HikariDataSource       : HikariPool-1 - Shutdown initiated...
2025-05-31T13:41:39.075+03:00  INFO 7908 --- [leetReader] [SpringApplicationShutdownHook] com.zaxxer.hikari.HikariDataSource       : HikariPool-1 - Shutdown completed.
2025-05-31T13:41:51.862+03:00  INFO 18044 --- [leetReader] [main] c.l.leetReader.LeetReaderApplication     : Starting LeetReaderApplication using Java 22.0.1 with PID 18044 (I:\leetReader\leetReader\target\classes started by Ibrahim Abdellatif in I:\leetReader\leetReader)
2025-05-31T13:41:51.866+03:00  INFO 18044 --- [leetReader] [main] c.l.leetReader.LeetReaderApplication     : No active profile set, falling back to 1 default profile: "default"
2025-05-31T13:41:53.406+03:00  INFO 18044 --- [leetReader] [main] .s.d.r.c.RepositoryConfigurationDelegate : Bootstrapping Spring Data JPA repositories in DEFAULT mode.
2025-05-31T13:41:53.649+03:00  INFO 18044 --- [leetReader] [main] .s.d.r.c.RepositoryConfigurationDelegate : Finished Spring Data repository scanning in 232 ms. Found 3 JPA repository interfaces.
2025-05-31T13:41:54.626+03:00  INFO 18044 --- [leetReader] [main] o.s.b.w.embedded.tomcat.TomcatWebServer  : Tomcat initialized with port 8080 (http)
2025-05-31T13:41:54.646+03:00  INFO 18044 --- [leetReader] [main] o.apache.catalina.core.StandardService   : Starting service [Tomcat]
2025-05-31T13:41:54.647+03:00  INFO 18044 --- [leetReader] [main] o.apache.catalina.core.StandardEngine    : Starting Servlet engine: [Apache Tomcat/10.1.28]
2025-05-31T13:41:54.777+03:00  INFO 18044 --- [leetReader] [main] o.a.c.c.C.[Tomcat].[localhost].[/]       : Initializing Spring embedded WebApplicationContext
2025-05-31T13:41:54.777+03:00  INFO 18044 --- [leetReader] [main] w.s.c.ServletWebServerApplicationContext : Root WebApplicationContext: initialization completed in 2832 ms
2025-05-31T13:41:55.075+03:00  INFO 18044 --- [leetReader] [main] o.hibernate.jpa.internal.util.LogHelper  : HHH000204: Processing PersistenceUnitInfo [name: default]
2025-05-31T13:41:55.159+03:00  INFO 18044 --- [leetReader] [main] org.hibernate.Version                    : HHH000412: Hibernate ORM core version 6.5.2.Final
2025-05-31T13:41:55.223+03:00  INFO 18044 --- [leetReader] [main] o.h.c.internal.RegionFactoryInitiator    : HHH000026: Second-level cache disabled
2025-05-31T13:41:55.667+03:00  INFO 18044 --- [leetReader] [main] o.s.o.j.p.SpringPersistenceUnitInfo      : No LoadTimeWeaver setup: ignoring JPA class transformer
2025-05-31T13:41:55.712+03:00  INFO 18044 --- [leetReader] [main] com.zaxxer.hikari.HikariDataSource       : HikariPool-1 - Starting...
2025-05-31T13:41:56.383+03:00  INFO 18044 --- [leetReader] [main] com.zaxxer.hikari.pool.HikariPool        : HikariPool-1 - Added connection com.mysql.cj.jdbc.ConnectionImpl@3534651a
2025-05-31T13:41:56.385+03:00  INFO 18044 --- [leetReader] [main] com.zaxxer.hikari.HikariDataSource       : HikariPool-1 - Start completed.
2025-05-31T13:41:56.457+03:00  WARN 18044 --- [leetReader] [main] org.hibernate.orm.deprecation            : HHH90000025: MySQLDialect does not need to be specified explicitly using 'hibernate.dialect' (remove the property setting and it will be selected by default)
2025-05-31T13:41:58.280+03:00  INFO 18044 --- [leetReader] [main] o.h.e.t.j.p.i.JtaPlatformInitiator       : HHH000489: No JTA platform available (set 'hibernate.transaction.jta.platform' to enable JTA platform integration)
2025-05-31T13:41:58.550+03:00  INFO 18044 --- [leetReader] [main] j.LocalContainerEntityManagerFactoryBean : Initialized JPA EntityManagerFactory for persistence unit 'default'
2025-05-31T13:41:59.236+03:00  INFO 18044 --- [leetReader] [main] o.s.d.j.r.query.QueryEnhancerFactory     : Hibernate is in classpath; If applicable, HQL parser will be used.
2025-05-31T13:42:01.391+03:00  WARN 18044 --- [leetReader] [main] JpaBaseConfiguration$JpaWebConfiguration : spring.jpa.open-in-view is enabled by default. Therefore, database queries may be performed during view rendering. Explicitly configure spring.jpa.open-in-view to disable this warning
2025-05-31T13:42:01.433+03:00  INFO 18044 --- [leetReader] [main] r$InitializeUserDetailsManagerConfigurer : Global AuthenticationManager configured with UserDetailsService bean with name userService
2025-05-31T13:42:04.311+03:00  INFO 18044 --- [leetReader] [main] o.s.b.w.embedded.tomcat.TomcatWebServer  : Tomcat started on port 8080 (http) with context path '/'
2025-05-31T13:42:04.327+03:00  INFO 18044 --- [leetReader] [main] c.l.leetReader.LeetReaderApplication     : Started LeetReaderApplication in 13.317 seconds (process running for 14.098)
2025-05-31T13:44:05.560+03:00  INFO 18044 --- [leetReader] [SpringApplicationShutdownHook] j.LocalContainerEntityManagerFactoryBean : Closing JPA EntityManagerFactory for persistence unit 'default'
2025-05-31T13:44:05.568+03:00  INFO 18044 --- [leetReader] [SpringApplicationShutdownHook] com.zaxxer.hikari.HikariDataSource       : HikariPool-1 - Shutdown initiated...
2025-05-31T13:44:05.638+03:00  INFO 18044 --- [leetReader] [SpringApplicationShutdownHook] com.zaxxer.hikari.HikariDataSource       : HikariPool-1 - Shutdown completed.
2025-05-31T13:44:56.417+03:00  INFO 5564 --- [leetReader] [main] c.l.leetReader.LeetReaderApplication     : Starting LeetReaderApplication using Java 22.0.1 with PID 5564 (I:\leetReader\leetReader\target\classes started by Ibrahim Abdellatif in I:\leetReader\leetReader)
2025-05-31T13:44:56.421+03:00  INFO 5564 --- [leetReader] [main] c.l.leetReader.LeetReaderApplication     : No active profile set, falling back to 1 default profile: "default"
2025-05-31T13:44:58.061+03:00  INFO 5564 --- [leetReader] [main] .s.d.r.c.RepositoryConfigurationDelegate : Bootstrapping Spring Data JPA repositories in DEFAULT mode.
2025-05-31T13:44:58.341+03:00  INFO 5564 --- [leetReader] [main] .s.d.r.c.RepositoryConfigurationDelegate : Finished Spring Data repository scanning in 263 ms. Found 3 JPA repository interfaces.
2025-05-31T13:45:00.083+03:00  INFO 5564 --- [leetReader] [main] o.s.b.w.embedded.tomcat.TomcatWebServer  : Tomcat initialized with port 8080 (http)
2025-05-31T13:45:00.106+03:00  INFO 5564 --- [leetReader] [main] o.apache.catalina.core.StandardService   : Starting service [Tomcat]
2025-05-31T13:45:00.107+03:00  INFO 5564 --- [leetReader] [main] o.apache.catalina.core.StandardEngine    : Starting Servlet engine: [Apache Tomcat/10.1.28]
2025-05-31T13:45:00.251+03:00  INFO 5564 --- [leetReader] [main] o.a.c.c.C.[Tomcat].[localhost].[/]       : Initializing Spring embedded WebApplicationContext
2025-05-31T13:45:00.252+03:00  INFO 5564 --- [leetReader] [main] w.s.c.ServletWebServerApplicationContext : Root WebApplicationContext: initialization completed in 3759 ms
2025-05-31T13:45:00.531+03:00  INFO 5564 --- [leetReader] [main] o.hibernate.jpa.internal.util.LogHelper  : HHH000204: Processing PersistenceUnitInfo [name: default]
2025-05-31T13:45:00.651+03:00  INFO 5564 --- [leetReader] [main] org.hibernate.Version                    : HHH000412: Hibernate ORM core version 6.5.2.Final
2025-05-31T13:45:00.726+03:00  INFO 5564 --- [leetReader] [main] o.h.c.internal.RegionFactoryInitiator    : HHH000026: Second-level cache disabled
2025-05-31T13:45:01.173+03:00  INFO 5564 --- [leetReader] [main] o.s.o.j.p.SpringPersistenceUnitInfo      : No LoadTimeWeaver setup: ignoring JPA class transformer
2025-05-31T13:45:01.207+03:00  INFO 5564 --- [leetReader] [main] com.zaxxer.hikari.HikariDataSource       : HikariPool-1 - Starting...
2025-05-31T13:45:01.714+03:00  INFO 5564 --- [leetReader] [main] com.zaxxer.hikari.pool.HikariPool        : HikariPool-1 - Added connection com.mysql.cj.jdbc.ConnectionImpl@38ebc866
2025-05-31T13:45:01.717+03:00  INFO 5564 --- [leetReader] [main] com.zaxxer.hikari.HikariDataSource       : HikariPool-1 - Start completed.
2025-05-31T13:45:01.805+03:00  WARN 5564 --- [leetReader] [main] org.hibernate.orm.deprecation            : HHH90000025: MySQLDialect does not need to be specified explicitly using 'hibernate.dialect' (remove the property setting and it will be selected by default)
2025-05-31T13:45:03.162+03:00  INFO 5564 --- [leetReader] [main] o.h.e.t.j.p.i.JtaPlatformInitiator       : HHH000489: No JTA platform available (set 'hibernate.transaction.jta.platform' to enable JTA platform integration)
2025-05-31T13:45:03.301+03:00  INFO 5564 --- [leetReader] [main] j.LocalContainerEntityManagerFactoryBean : Initialized JPA EntityManagerFactory for persistence unit 'default'
2025-05-31T13:45:03.786+03:00  INFO 5564 --- [leetReader] [main] o.s.d.j.r.query.QueryEnhancerFactory     : Hibernate is in classpath; If applicable, HQL parser will be used.
2025-05-31T13:45:05.021+03:00  WARN 5564 --- [leetReader] [main] JpaBaseConfiguration$JpaWebConfiguration : spring.jpa.open-in-view is enabled by default. Therefore, database queries may be performed during view rendering. Explicitly configure spring.jpa.open-in-view to disable this warning
2025-05-31T13:45:05.061+03:00  INFO 5564 --- [leetReader] [main] r$InitializeUserDetailsManagerConfigurer : Global AuthenticationManager configured with UserDetailsService bean with name userService
2025-05-31T13:45:07.914+03:00  INFO 5564 --- [leetReader] [main] o.s.b.w.embedded.tomcat.TomcatWebServer  : Tomcat started on port 8080 (http) with context path '/'
2025-05-31T13:45:07.927+03:00  INFO 5564 --- [leetReader] [main] c.l.leetReader.LeetReaderApplication     : Started LeetReaderApplication in 12.37 seconds (process running for 13.23)
2025-05-31T13:45:15.122+03:00  INFO 5564 --- [leetReader] [http-nio-8080-exec-2] o.a.c.c.C.[Tomcat].[localhost].[/]       : Initializing Spring DispatcherServlet 'dispatcherServlet'
2025-05-31T13:45:15.123+03:00  INFO 5564 --- [leetReader] [http-nio-8080-exec-2] o.s.web.servlet.DispatcherServlet        : Initializing Servlet 'dispatcherServlet'
2025-05-31T13:45:15.126+03:00  INFO 5564 --- [leetReader] [http-nio-8080-exec-2] o.s.web.servlet.DispatcherServlet        : Completed initialization in 3 ms
2025-05-31T13:45:15.978+03:00 ERROR 5564 --- [leetReader] [http-nio-8080-exec-2] c.l.l.exception.GlobalExceptionHandler   : User with username: %mdc{username} duplicate title of existing Article path /api/v1/articles/9
2025-05-31T13:54:41.113+03:00  INFO 5564 --- [leetReader] [SpringApplicationShutdownHook] j.LocalContainerEntityManagerFactoryBean : Closing JPA EntityManagerFactory for persistence unit 'default'
2025-05-31T13:54:41.120+03:00  INFO 5564 --- [leetReader] [SpringApplicationShutdownHook] com.zaxxer.hikari.HikariDataSource       : HikariPool-1 - Shutdown initiated...
2025-05-31T13:54:41.147+03:00  INFO 5564 --- [leetReader] [SpringApplicationShutdownHook] com.zaxxer.hikari.HikariDataSource       : HikariPool-1 - Shutdown completed.
2025-05-31T13:54:49.781+03:00  INFO 13120 --- [leetReader] [main] c.l.leetReader.LeetReaderApplication     : Starting LeetReaderApplication using Java 22.0.1 with PID 13120 (I:\leetReader\leetReader\target\classes started by Ibrahim Abdellatif in I:\leetReader\leetReader)
2025-05-31T13:54:49.785+03:00  INFO 13120 --- [leetReader] [main] c.l.leetReader.LeetReaderApplication     : No active profile set, falling back to 1 default profile: "default"
2025-05-31T13:54:51.358+03:00  INFO 13120 --- [leetReader] [main] .s.d.r.c.RepositoryConfigurationDelegate : Bootstrapping Spring Data JPA repositories in DEFAULT mode.
2025-05-31T13:54:51.717+03:00  INFO 13120 --- [leetReader] [main] .s.d.r.c.RepositoryConfigurationDelegate : Finished Spring Data repository scanning in 344 ms. Found 3 JPA repository interfaces.
2025-05-31T13:54:52.793+03:00  INFO 13120 --- [leetReader] [main] o.s.b.w.embedded.tomcat.TomcatWebServer  : Tomcat initialized with port 8080 (http)
2025-05-31T13:54:52.816+03:00  INFO 13120 --- [leetReader] [main] o.apache.catalina.core.StandardService   : Starting service [Tomcat]
2025-05-31T13:54:52.818+03:00  INFO 13120 --- [leetReader] [main] o.apache.catalina.core.StandardEngine    : Starting Servlet engine: [Apache Tomcat/10.1.28]
2025-05-31T13:54:52.962+03:00  INFO 13120 --- [leetReader] [main] o.a.c.c.C.[Tomcat].[localhost].[/]       : Initializing Spring embedded WebApplicationContext
2025-05-31T13:54:52.962+03:00  INFO 13120 --- [leetReader] [main] w.s.c.ServletWebServerApplicationContext : Root WebApplicationContext: initialization completed in 3088 ms
2025-05-31T13:54:53.284+03:00  INFO 13120 --- [leetReader] [main] o.hibernate.jpa.internal.util.LogHelper  : HHH000204: Processing PersistenceUnitInfo [name: default]
2025-05-31T13:54:53.363+03:00  INFO 13120 --- [leetReader] [main] org.hibernate.Version                    : HHH000412: Hibernate ORM core version 6.5.2.Final
2025-05-31T13:54:53.446+03:00  INFO 13120 --- [leetReader] [main] o.h.c.internal.RegionFactoryInitiator    : HHH000026: Second-level cache disabled
2025-05-31T13:54:53.916+03:00  INFO 13120 --- [leetReader] [main] o.s.o.j.p.SpringPersistenceUnitInfo      : No LoadTimeWeaver setup: ignoring JPA class transformer
2025-05-31T13:54:53.954+03:00  INFO 13120 --- [leetReader] [main] com.zaxxer.hikari.HikariDataSource       : HikariPool-1 - Starting...
2025-05-31T13:54:54.476+03:00  INFO 13120 --- [leetReader] [main] com.zaxxer.hikari.pool.HikariPool        : HikariPool-1 - Added connection com.mysql.cj.jdbc.ConnectionImpl@3534651a
2025-05-31T13:54:54.479+03:00  INFO 13120 --- [leetReader] [main] com.zaxxer.hikari.HikariDataSource       : HikariPool-1 - Start completed.
2025-05-31T13:54:54.568+03:00  WARN 13120 --- [leetReader] [main] org.hibernate.orm.deprecation            : HHH90000025: MySQLDialect does not need to be specified explicitly using 'hibernate.dialect' (remove the property setting and it will be selected by default)
2025-05-31T13:54:56.116+03:00  INFO 13120 --- [leetReader] [main] o.h.e.t.j.p.i.JtaPlatformInitiator       : HHH000489: No JTA platform available (set 'hibernate.transaction.jta.platform' to enable JTA platform integration)
2025-05-31T13:54:56.281+03:00  INFO 13120 --- [leetReader] [main] j.LocalContainerEntityManagerFactoryBean : Initialized JPA EntityManagerFactory for persistence unit 'default'
2025-05-31T13:54:56.902+03:00  INFO 13120 --- [leetReader] [main] o.s.d.j.r.query.QueryEnhancerFactory     : Hibernate is in classpath; If applicable, HQL parser will be used.
2025-05-31T13:54:58.984+03:00  WARN 13120 --- [leetReader] [main] JpaBaseConfiguration$JpaWebConfiguration : spring.jpa.open-in-view is enabled by default. Therefore, database queries may be performed during view rendering. Explicitly configure spring.jpa.open-in-view to disable this warning
2025-05-31T13:54:59.055+03:00  INFO 13120 --- [leetReader] [main] r$InitializeUserDetailsManagerConfigurer : Global AuthenticationManager configured with UserDetailsService bean with name userService
2025-05-31T13:55:02.525+03:00  INFO 13120 --- [leetReader] [main] o.s.b.w.embedded.tomcat.TomcatWebServer  : Tomcat started on port 8080 (http) with context path '/'
2025-05-31T13:55:02.538+03:00  INFO 13120 --- [leetReader] [main] c.l.leetReader.LeetReaderApplication     : Started LeetReaderApplication in 14.036 seconds (process running for 15.271)
2025-05-31T13:55:11.123+03:00  INFO 13120 --- [leetReader] [http-nio-8080-exec-2] o.a.c.c.C.[Tomcat].[localhost].[/]       : Initializing Spring DispatcherServlet 'dispatcherServlet'
2025-05-31T13:55:11.123+03:00  INFO 13120 --- [leetReader] [http-nio-8080-exec-2] o.s.web.servlet.DispatcherServlet        : Initializing Servlet 'dispatcherServlet'
2025-05-31T13:55:11.126+03:00  INFO 13120 --- [leetReader] [http-nio-8080-exec-2] o.s.web.servlet.DispatcherServlet        : Completed initialization in 3 ms
2025-05-31T13:55:12.157+03:00  INFO 13120 --- [leetReader] [http-nio-8080-exec-2] c.l.l.exception.GlobalExceptionHandler   : User with username: duplicate title of existing Article path /api/v1/articles/9
2025-05-31T14:02:03.821+03:00  INFO 13120 --- [leetReader] [SpringApplicationShutdownHook] j.LocalContainerEntityManagerFactoryBean : Closing JPA EntityManagerFactory for persistence unit 'default'
2025-05-31T14:02:03.833+03:00  INFO 13120 --- [leetReader] [SpringApplicationShutdownHook] com.zaxxer.hikari.HikariDataSource       : HikariPool-1 - Shutdown initiated...
2025-05-31T14:02:03.861+03:00  INFO 13120 --- [leetReader] [SpringApplicationShutdownHook] com.zaxxer.hikari.HikariDataSource       : HikariPool-1 - Shutdown completed.
2025-05-31T14:44:37.763+03:00  INFO 17604 --- [leetReader] [main] c.l.leetReader.LeetReaderApplication     : Starting LeetReaderApplication using Java 22.0.1 with PID 17604 (I:\leetReader\leetReader\target\classes started by Ibrahim Abdellatif in I:\leetReader\leetReader)
2025-05-31T14:44:37.767+03:00  INFO 17604 --- [leetReader] [main] c.l.leetReader.LeetReaderApplication     : No active profile set, falling back to 1 default profile: "default"
2025-05-31T14:44:39.288+03:00  INFO 17604 --- [leetReader] [main] .s.d.r.c.RepositoryConfigurationDelegate : Bootstrapping Spring Data JPA repositories in DEFAULT mode.
2025-05-31T14:44:39.537+03:00  INFO 17604 --- [leetReader] [main] .s.d.r.c.RepositoryConfigurationDelegate : Finished Spring Data repository scanning in 235 ms. Found 3 JPA repository interfaces.
2025-05-31T14:44:40.554+03:00  INFO 17604 --- [leetReader] [main] o.s.b.w.embedded.tomcat.TomcatWebServer  : Tomcat initialized with port 8080 (http)
2025-05-31T14:44:40.577+03:00  INFO 17604 --- [leetReader] [main] o.apache.catalina.core.StandardService   : Starting service [Tomcat]
2025-05-31T14:44:40.578+03:00  INFO 17604 --- [leetReader] [main] o.apache.catalina.core.StandardEngine    : Starting Servlet engine: [Apache Tomcat/10.1.28]
2025-05-31T14:44:40.694+03:00  INFO 17604 --- [leetReader] [main] o.a.c.c.C.[Tomcat].[localhost].[/]       : Initializing Spring embedded WebApplicationContext
2025-05-31T14:44:40.694+03:00  INFO 17604 --- [leetReader] [main] w.s.c.ServletWebServerApplicationContext : Root WebApplicationContext: initialization completed in 2840 ms
2025-05-31T14:44:40.982+03:00  INFO 17604 --- [leetReader] [main] o.hibernate.jpa.internal.util.LogHelper  : HHH000204: Processing PersistenceUnitInfo [name: default]
2025-05-31T14:44:41.230+03:00  INFO 17604 --- [leetReader] [main] org.hibernate.Version                    : HHH000412: Hibernate ORM core version 6.5.2.Final
2025-05-31T14:44:41.339+03:00  INFO 17604 --- [leetReader] [main] o.h.c.internal.RegionFactoryInitiator    : HHH000026: Second-level cache disabled
2025-05-31T14:44:41.857+03:00  INFO 17604 --- [leetReader] [main] o.s.o.j.p.SpringPersistenceUnitInfo      : No LoadTimeWeaver setup: ignoring JPA class transformer
2025-05-31T14:44:41.906+03:00  INFO 17604 --- [leetReader] [main] com.zaxxer.hikari.HikariDataSource       : HikariPool-1 - Starting...
2025-05-31T14:44:42.776+03:00  INFO 17604 --- [leetReader] [main] com.zaxxer.hikari.pool.HikariPool        : HikariPool-1 - Added connection com.mysql.cj.jdbc.ConnectionImpl@492c8137
2025-05-31T14:44:42.779+03:00  INFO 17604 --- [leetReader] [main] com.zaxxer.hikari.HikariDataSource       : HikariPool-1 - Start completed.
2025-05-31T14:44:42.867+03:00  WARN 17604 --- [leetReader] [main] org.hibernate.orm.deprecation            : HHH90000025: MySQLDialect does not need to be specified explicitly using 'hibernate.dialect' (remove the property setting and it will be selected by default)
2025-05-31T14:44:44.376+03:00  INFO 17604 --- [leetReader] [main] o.h.e.t.j.p.i.JtaPlatformInitiator       : HHH000489: No JTA platform available (set 'hibernate.transaction.jta.platform' to enable JTA platform integration)
2025-05-31T14:44:44.526+03:00  INFO 17604 --- [leetReader] [main] j.LocalContainerEntityManagerFactoryBean : Initialized JPA EntityManagerFactory for persistence unit 'default'
2025-05-31T14:44:45.203+03:00  INFO 17604 --- [leetReader] [main] o.s.d.j.r.query.QueryEnhancerFactory     : Hibernate is in classpath; If applicable, HQL parser will be used.
2025-05-31T14:44:47.066+03:00  WARN 17604 --- [leetReader] [main] JpaBaseConfiguration$JpaWebConfiguration : spring.jpa.open-in-view is enabled by default. Therefore, database queries may be performed during view rendering. Explicitly configure spring.jpa.open-in-view to disable this warning
2025-05-31T14:44:47.186+03:00  INFO 17604 --- [leetReader] [main] r$InitializeUserDetailsManagerConfigurer : Global AuthenticationManager configured with UserDetailsService bean with name userService
2025-05-31T14:44:51.921+03:00  INFO 17604 --- [leetReader] [main] o.s.b.w.embedded.tomcat.TomcatWebServer  : Tomcat started on port 8080 (http) with context path '/'
2025-05-31T14:44:51.935+03:00  INFO 17604 --- [leetReader] [main] c.l.leetReader.LeetReaderApplication     : Started LeetReaderApplication in 15.001 seconds (process running for 15.806)
2025-05-31T14:44:52.572+03:00  INFO 17604 --- [leetReader] [http-nio-8080-exec-1] o.a.c.c.C.[Tomcat].[localhost].[/]       : Initializing Spring DispatcherServlet 'dispatcherServlet'
2025-05-31T14:44:52.572+03:00  INFO 17604 --- [leetReader] [http-nio-8080-exec-1] o.s.web.servlet.DispatcherServlet        : Initializing Servlet 'dispatcherServlet'
2025-05-31T14:44:52.573+03:00  INFO 17604 --- [leetReader] [http-nio-8080-exec-1] o.s.web.servlet.DispatcherServlet        : Completed initialization in 1 ms
2025-05-31T14:44:53.251+03:00 ERROR 17604 --- [leetReader] [http-nio-8080-exec-1] c.l.l.exception.GlobalExceptionHandler   : DuplicateTitleException ⚠ You've used this title before. Please try another one!, with path /api/v1/articles/9
2025-05-31T14:55:01.532+03:00  INFO 17604 --- [leetReader] [SpringApplicationShutdownHook] j.LocalContainerEntityManagerFactoryBean : Closing JPA EntityManagerFactory for persistence unit 'default'
2025-05-31T14:55:01.547+03:00  INFO 17604 --- [leetReader] [SpringApplicationShutdownHook] com.zaxxer.hikari.HikariDataSource       : HikariPool-1 - Shutdown initiated...
2025-05-31T14:55:01.567+03:00  INFO 17604 --- [leetReader] [SpringApplicationShutdownHook] com.zaxxer.hikari.HikariDataSource       : HikariPool-1 - Shutdown completed.
2025-05-31T14:55:08.308+03:00  INFO 1304 --- [leetReader] [main] c.l.leetReader.LeetReaderApplication     : Starting LeetReaderApplication using Java 22.0.1 with PID 1304 (I:\leetReader\leetReader\target\classes started by Ibrahim Abdellatif in I:\leetReader\leetReader)
2025-05-31T14:55:08.323+03:00  INFO 1304 --- [leetReader] [main] c.l.leetReader.LeetReaderApplication     : No active profile set, falling back to 1 default profile: "default"
2025-05-31T14:55:10.803+03:00  INFO 1304 --- [leetReader] [main] .s.d.r.c.RepositoryConfigurationDelegate : Bootstrapping Spring Data JPA repositories in DEFAULT mode.
2025-05-31T14:55:11.111+03:00  INFO 1304 --- [leetReader] [main] .s.d.r.c.RepositoryConfigurationDelegate : Finished Spring Data repository scanning in 299 ms. Found 3 JPA repository interfaces.
2025-05-31T14:55:12.446+03:00  INFO 1304 --- [leetReader] [main] o.s.b.w.embedded.tomcat.TomcatWebServer  : Tomcat initialized with port 8080 (http)
2025-05-31T14:55:12.493+03:00  INFO 1304 --- [leetReader] [main] o.apache.catalina.core.StandardService   : Starting service [Tomcat]
2025-05-31T14:55:12.493+03:00  INFO 1304 --- [leetReader] [main] o.apache.catalina.core.StandardEngine    : Starting Servlet engine: [Apache Tomcat/10.1.28]
2025-05-31T14:55:12.817+03:00  INFO 1304 --- [leetReader] [main] o.a.c.c.C.[Tomcat].[localhost].[/]       : Initializing Spring embedded WebApplicationContext
2025-05-31T14:55:12.817+03:00  INFO 1304 --- [leetReader] [main] w.s.c.ServletWebServerApplicationContext : Root WebApplicationContext: initialization completed in 4360 ms
2025-05-31T14:55:13.116+03:00  INFO 1304 --- [leetReader] [main] o.hibernate.jpa.internal.util.LogHelper  : HHH000204: Processing PersistenceUnitInfo [name: default]
2025-05-31T14:55:13.210+03:00  INFO 1304 --- [leetReader] [main] org.hibernate.Version                    : HHH000412: Hibernate ORM core version 6.5.2.Final
2025-05-31T14:55:13.305+03:00  INFO 1304 --- [leetReader] [main] o.h.c.internal.RegionFactoryInitiator    : HHH000026: Second-level cache disabled
2025-05-31T14:55:13.830+03:00  INFO 1304 --- [leetReader] [main] o.s.o.j.p.SpringPersistenceUnitInfo      : No LoadTimeWeaver setup: ignoring JPA class transformer
2025-05-31T14:55:13.876+03:00  INFO 1304 --- [leetReader] [main] com.zaxxer.hikari.HikariDataSource       : HikariPool-1 - Starting...
2025-05-31T14:55:14.531+03:00  INFO 1304 --- [leetReader] [main] com.zaxxer.hikari.pool.HikariPool        : HikariPool-1 - Added connection com.mysql.cj.jdbc.ConnectionImpl@1f4d38f9
2025-05-31T14:55:14.531+03:00  INFO 1304 --- [leetReader] [main] com.zaxxer.hikari.HikariDataSource       : HikariPool-1 - Start completed.
2025-05-31T14:55:14.657+03:00  WARN 1304 --- [leetReader] [main] org.hibernate.orm.deprecation            : HHH90000025: MySQLDialect does not need to be specified explicitly using 'hibernate.dialect' (remove the property setting and it will be selected by default)
2025-05-31T14:55:16.471+03:00  INFO 1304 --- [leetReader] [main] o.h.e.t.j.p.i.JtaPlatformInitiator       : HHH000489: No JTA platform available (set 'hibernate.transaction.jta.platform' to enable JTA platform integration)
2025-05-31T14:55:16.613+03:00  INFO 1304 --- [leetReader] [main] j.LocalContainerEntityManagerFactoryBean : Initialized JPA EntityManagerFactory for persistence unit 'default'
2025-05-31T14:55:17.315+03:00  INFO 1304 --- [leetReader] [main] o.s.d.j.r.query.QueryEnhancerFactory     : Hibernate is in classpath; If applicable, HQL parser will be used.
2025-05-31T14:55:19.211+03:00  WARN 1304 --- [leetReader] [main] JpaBaseConfiguration$JpaWebConfiguration : spring.jpa.open-in-view is enabled by default. Therefore, database queries may be performed during view rendering. Explicitly configure spring.jpa.open-in-view to disable this warning
2025-05-31T14:55:19.273+03:00  INFO 1304 --- [leetReader] [main] r$InitializeUserDetailsManagerConfigurer : Global AuthenticationManager configured with UserDetailsService bean with name userService
2025-05-31T14:55:24.689+03:00  INFO 1304 --- [leetReader] [main] o.s.b.w.embedded.tomcat.TomcatWebServer  : Tomcat started on port 8080 (http) with context path '/'
2025-05-31T14:55:24.709+03:00  INFO 1304 --- [leetReader] [main] c.l.leetReader.LeetReaderApplication     : Started LeetReaderApplication in 17.244 seconds (process running for 18.048)
2025-05-31T14:55:26.498+03:00  INFO 1304 --- [leetReader] [http-nio-8080-exec-2] o.a.c.c.C.[Tomcat].[localhost].[/]       : Initializing Spring DispatcherServlet 'dispatcherServlet'
2025-05-31T14:55:26.499+03:00  INFO 1304 --- [leetReader] [http-nio-8080-exec-2] o.s.web.servlet.DispatcherServlet        : Initializing Servlet 'dispatcherServlet'
2025-05-31T14:55:26.501+03:00  INFO 1304 --- [leetReader] [http-nio-8080-exec-2] o.s.web.servlet.DispatcherServlet        : Completed initialization in 2 ms
2025-05-31T14:55:27.288+03:00 ERROR 1304 --- [leetReader] [http-nio-8080-exec-2] c.l.l.exception.GlobalExceptionHandler   : DuplicateTitleException ⚠ You've used this title before. Please try another one!, with path 
2025-05-31T14:57:37.372+03:00  INFO 1304 --- [leetReader] [SpringApplicationShutdownHook] j.LocalContainerEntityManagerFactoryBean : Closing JPA EntityManagerFactory for persistence unit 'default'
2025-05-31T14:57:37.388+03:00  INFO 1304 --- [leetReader] [SpringApplicationShutdownHook] com.zaxxer.hikari.HikariDataSource       : HikariPool-1 - Shutdown initiated...
2025-05-31T14:57:37.419+03:00  INFO 1304 --- [leetReader] [SpringApplicationShutdownHook] com.zaxxer.hikari.HikariDataSource       : HikariPool-1 - Shutdown completed.
2025-05-31T14:57:44.132+03:00  INFO 3728 --- [leetReader] [main] c.l.leetReader.LeetReaderApplication     : Starting LeetReaderApplication using Java 22.0.1 with PID 3728 (I:\leetReader\leetReader\target\classes started by Ibrahim Abdellatif in I:\leetReader\leetReader)
2025-05-31T14:57:44.132+03:00  INFO 3728 --- [leetReader] [main] c.l.leetReader.LeetReaderApplication     : No active profile set, falling back to 1 default profile: "default"
2025-05-31T14:57:45.644+03:00  INFO 3728 --- [leetReader] [main] .s.d.r.c.RepositoryConfigurationDelegate : Bootstrapping Spring Data JPA repositories in DEFAULT mode.
2025-05-31T14:57:45.895+03:00  INFO 3728 --- [leetReader] [main] .s.d.r.c.RepositoryConfigurationDelegate : Finished Spring Data repository scanning in 234 ms. Found 3 JPA repository interfaces.
2025-05-31T14:57:46.852+03:00  INFO 3728 --- [leetReader] [main] o.s.b.w.embedded.tomcat.TomcatWebServer  : Tomcat initialized with port 8080 (http)
2025-05-31T14:57:46.868+03:00  INFO 3728 --- [leetReader] [main] o.apache.catalina.core.StandardService   : Starting service [Tomcat]
2025-05-31T14:57:46.868+03:00  INFO 3728 --- [leetReader] [main] o.apache.catalina.core.StandardEngine    : Starting Servlet engine: [Apache Tomcat/10.1.28]
2025-05-31T14:57:46.993+03:00  INFO 3728 --- [leetReader] [main] o.a.c.c.C.[Tomcat].[localhost].[/]       : Initializing Spring embedded WebApplicationContext
2025-05-31T14:57:46.993+03:00  INFO 3728 --- [leetReader] [main] w.s.c.ServletWebServerApplicationContext : Root WebApplicationContext: initialization completed in 2780 ms
2025-05-31T14:57:47.260+03:00  INFO 3728 --- [leetReader] [main] o.hibernate.jpa.internal.util.LogHelper  : HHH000204: Processing PersistenceUnitInfo [name: default]
2025-05-31T14:57:47.338+03:00  INFO 3728 --- [leetReader] [main] org.hibernate.Version                    : HHH000412: Hibernate ORM core version 6.5.2.Final
2025-05-31T14:57:47.385+03:00  INFO 3728 --- [leetReader] [main] o.h.c.internal.RegionFactoryInitiator    : HHH000026: Second-level cache disabled
2025-05-31T14:57:47.825+03:00  INFO 3728 --- [leetReader] [main] o.s.o.j.p.SpringPersistenceUnitInfo      : No LoadTimeWeaver setup: ignoring JPA class transformer
2025-05-31T14:57:47.872+03:00  INFO 3728 --- [leetReader] [main] com.zaxxer.hikari.HikariDataSource       : HikariPool-1 - Starting...
2025-05-31T14:57:48.405+03:00  INFO 3728 --- [leetReader] [main] com.zaxxer.hikari.pool.HikariPool        : HikariPool-1 - Added connection com.mysql.cj.jdbc.ConnectionImpl@4f525e13
2025-05-31T14:57:48.405+03:00  INFO 3728 --- [leetReader] [main] com.zaxxer.hikari.HikariDataSource       : HikariPool-1 - Start completed.
2025-05-31T14:57:48.483+03:00  WARN 3728 --- [leetReader] [main] org.hibernate.orm.deprecation            : HHH90000025: MySQLDialect does not need to be specified explicitly using 'hibernate.dialect' (remove the property setting and it will be selected by default)
2025-05-31T14:57:49.782+03:00  INFO 3728 --- [leetReader] [main] o.h.e.t.j.p.i.JtaPlatformInitiator       : HHH000489: No JTA platform available (set 'hibernate.transaction.jta.platform' to enable JTA platform integration)
2025-05-31T14:57:49.939+03:00  INFO 3728 --- [leetReader] [main] j.LocalContainerEntityManagerFactoryBean : Initialized JPA EntityManagerFactory for persistence unit 'default'
2025-05-31T14:57:50.425+03:00  INFO 3728 --- [leetReader] [main] o.s.d.j.r.query.QueryEnhancerFactory     : Hibernate is in classpath; If applicable, HQL parser will be used.
2025-05-31T14:57:51.806+03:00  WARN 3728 --- [leetReader] [main] JpaBaseConfiguration$JpaWebConfiguration : spring.jpa.open-in-view is enabled by default. Therefore, database queries may be performed during view rendering. Explicitly configure spring.jpa.open-in-view to disable this warning
2025-05-31T14:57:51.900+03:00  INFO 3728 --- [leetReader] [main] r$InitializeUserDetailsManagerConfigurer : Global AuthenticationManager configured with UserDetailsService bean with name userService
2025-05-31T14:57:55.280+03:00  INFO 3728 --- [leetReader] [main] o.s.b.w.embedded.tomcat.TomcatWebServer  : Tomcat started on port 8080 (http) with context path '/'
2025-05-31T14:57:55.296+03:00  INFO 3728 --- [leetReader] [main] c.l.leetReader.LeetReaderApplication     : Started LeetReaderApplication in 12.056 seconds (process running for 12.881)
2025-05-31T14:57:56.570+03:00  INFO 3728 --- [leetReader] [http-nio-8080-exec-1] o.a.c.c.C.[Tomcat].[localhost].[/]       : Initializing Spring DispatcherServlet 'dispatcherServlet'
2025-05-31T14:57:56.570+03:00  INFO 3728 --- [leetReader] [http-nio-8080-exec-1] o.s.web.servlet.DispatcherServlet        : Initializing Servlet 'dispatcherServlet'
2025-05-31T14:57:56.570+03:00  INFO 3728 --- [leetReader] [http-nio-8080-exec-1] o.s.web.servlet.DispatcherServlet        : Completed initialization in 0 ms
2025-05-31T14:57:57.442+03:00 ERROR 3728 --- [leetReader] [http-nio-8080-exec-1] c.l.l.exception.GlobalExceptionHandler   : DuplicateTitleException ⚠ You've used this title before. Please try another one!, with path 
2025-05-31T14:59:53.612+03:00  INFO 3728 --- [leetReader] [SpringApplicationShutdownHook] j.LocalContainerEntityManagerFactoryBean : Closing JPA EntityManagerFactory for persistence unit 'default'
2025-05-31T14:59:53.627+03:00  INFO 3728 --- [leetReader] [SpringApplicationShutdownHook] com.zaxxer.hikari.HikariDataSource       : HikariPool-1 - Shutdown initiated...
2025-05-31T14:59:53.646+03:00  INFO 3728 --- [leetReader] [SpringApplicationShutdownHook] com.zaxxer.hikari.HikariDataSource       : HikariPool-1 - Shutdown completed.
2025-05-31T15:00:00.191+03:00  INFO 14192 --- [leetReader] [main] c.l.leetReader.LeetReaderApplication     : Starting LeetReaderApplication using Java 22.0.1 with PID 14192 (I:\leetReader\leetReader\target\classes started by Ibrahim Abdellatif in I:\leetReader\leetReader)
2025-05-31T15:00:00.207+03:00  INFO 14192 --- [leetReader] [main] c.l.leetReader.LeetReaderApplication     : No active profile set, falling back to 1 default profile: "default"
2025-05-31T15:00:01.814+03:00  INFO 14192 --- [leetReader] [main] .s.d.r.c.RepositoryConfigurationDelegate : Bootstrapping Spring Data JPA repositories in DEFAULT mode.
2025-05-31T15:00:02.081+03:00  INFO 14192 --- [leetReader] [main] .s.d.r.c.RepositoryConfigurationDelegate : Finished Spring Data repository scanning in 242 ms. Found 3 JPA repository interfaces.
2025-05-31T15:00:03.070+03:00  INFO 14192 --- [leetReader] [main] o.s.b.w.embedded.tomcat.TomcatWebServer  : Tomcat initialized with port 8080 (http)
2025-05-31T15:00:03.085+03:00  INFO 14192 --- [leetReader] [main] o.apache.catalina.core.StandardService   : Starting service [Tomcat]
2025-05-31T15:00:03.085+03:00  INFO 14192 --- [leetReader] [main] o.apache.catalina.core.StandardEngine    : Starting Servlet engine: [Apache Tomcat/10.1.28]
2025-05-31T15:00:03.226+03:00  INFO 14192 --- [leetReader] [main] o.a.c.c.C.[Tomcat].[localhost].[/]       : Initializing Spring embedded WebApplicationContext
2025-05-31T15:00:03.226+03:00  INFO 14192 --- [leetReader] [main] w.s.c.ServletWebServerApplicationContext : Root WebApplicationContext: initialization completed in 2937 ms
2025-05-31T15:00:03.514+03:00  INFO 14192 --- [leetReader] [main] o.hibernate.jpa.internal.util.LogHelper  : HHH000204: Processing PersistenceUnitInfo [name: default]
2025-05-31T15:00:03.592+03:00  INFO 14192 --- [leetReader] [main] org.hibernate.Version                    : HHH000412: Hibernate ORM core version 6.5.2.Final
2025-05-31T15:00:03.655+03:00  INFO 14192 --- [leetReader] [main] o.h.c.internal.RegionFactoryInitiator    : HHH000026: Second-level cache disabled
2025-05-31T15:00:04.126+03:00  INFO 14192 --- [leetReader] [main] o.s.o.j.p.SpringPersistenceUnitInfo      : No LoadTimeWeaver setup: ignoring JPA class transformer
2025-05-31T15:00:04.164+03:00  INFO 14192 --- [leetReader] [main] com.zaxxer.hikari.HikariDataSource       : HikariPool-1 - Starting...
2025-05-31T15:00:04.628+03:00  INFO 14192 --- [leetReader] [main] com.zaxxer.hikari.pool.HikariPool        : HikariPool-1 - Added connection com.mysql.cj.jdbc.ConnectionImpl@5d404a3c
2025-05-31T15:00:04.628+03:00  INFO 14192 --- [leetReader] [main] com.zaxxer.hikari.HikariDataSource       : HikariPool-1 - Start completed.
2025-05-31T15:00:04.706+03:00  WARN 14192 --- [leetReader] [main] org.hibernate.orm.deprecation            : HHH90000025: MySQLDialect does not need to be specified explicitly using 'hibernate.dialect' (remove the property setting and it will be selected by default)
2025-05-31T15:00:06.010+03:00  INFO 14192 --- [leetReader] [main] o.h.e.t.j.p.i.JtaPlatformInitiator       : HHH000489: No JTA platform available (set 'hibernate.transaction.jta.platform' to enable JTA platform integration)
2025-05-31T15:00:06.167+03:00  INFO 14192 --- [leetReader] [main] j.LocalContainerEntityManagerFactoryBean : Initialized JPA EntityManagerFactory for persistence unit 'default'
2025-05-31T15:00:06.638+03:00  INFO 14192 --- [leetReader] [main] o.s.d.j.r.query.QueryEnhancerFactory     : Hibernate is in classpath; If applicable, HQL parser will be used.
2025-05-31T15:00:07.800+03:00  WARN 14192 --- [leetReader] [main] JpaBaseConfiguration$JpaWebConfiguration : spring.jpa.open-in-view is enabled by default. Therefore, database queries may be performed during view rendering. Explicitly configure spring.jpa.open-in-view to disable this warning
2025-05-31T15:00:07.847+03:00  INFO 14192 --- [leetReader] [main] r$InitializeUserDetailsManagerConfigurer : Global AuthenticationManager configured with UserDetailsService bean with name userService
2025-05-31T15:00:11.192+03:00  INFO 14192 --- [leetReader] [main] o.s.b.w.embedded.tomcat.TomcatWebServer  : Tomcat started on port 8080 (http) with context path '/'
2025-05-31T15:00:11.192+03:00  INFO 14192 --- [leetReader] [main] c.l.leetReader.LeetReaderApplication     : Started LeetReaderApplication in 11.895 seconds (process running for 12.682)
2025-05-31T15:00:13.125+03:00  INFO 14192 --- [leetReader] [http-nio-8080-exec-1] o.a.c.c.C.[Tomcat].[localhost].[/]       : Initializing Spring DispatcherServlet 'dispatcherServlet'
2025-05-31T15:00:13.125+03:00  INFO 14192 --- [leetReader] [http-nio-8080-exec-1] o.s.web.servlet.DispatcherServlet        : Initializing Servlet 'dispatcherServlet'
2025-05-31T15:00:13.125+03:00  INFO 14192 --- [leetReader] [http-nio-8080-exec-1] o.s.web.servlet.DispatcherServlet        : Completed initialization in 0 ms
2025-05-31T15:00:13.831+03:00 ERROR 14192 --- [leetReader] [http-nio-8080-exec-1] c.l.l.exception.GlobalExceptionHandler   : DuplicateTitleException ⚠ You've used this title before. Please try another one!, with path 
2025-05-31T15:18:50.436+03:00  INFO 14192 --- [leetReader] [SpringApplicationShutdownHook] j.LocalContainerEntityManagerFactoryBean : Closing JPA EntityManagerFactory for persistence unit 'default'
2025-05-31T15:18:50.451+03:00  INFO 14192 --- [leetReader] [SpringApplicationShutdownHook] com.zaxxer.hikari.HikariDataSource       : HikariPool-1 - Shutdown initiated...
2025-05-31T15:18:50.476+03:00  INFO 14192 --- [leetReader] [SpringApplicationShutdownHook] com.zaxxer.hikari.HikariDataSource       : HikariPool-1 - Shutdown completed.
2025-05-31T15:18:59.344+03:00  INFO 1856 --- [leetReader] [main] c.l.leetReader.LeetReaderApplication     : Starting LeetReaderApplication using Java 22.0.1 with PID 1856 (I:\leetReader\leetReader\target\classes started by Ibrahim Abdellatif in I:\leetReader\leetReader)
2025-05-31T15:18:59.349+03:00  INFO 1856 --- [leetReader] [main] c.l.leetReader.LeetReaderApplication     : No active profile set, falling back to 1 default profile: "default"
2025-05-31T15:19:01.527+03:00  INFO 1856 --- [leetReader] [main] .s.d.r.c.RepositoryConfigurationDelegate : Bootstrapping Spring Data JPA repositories in DEFAULT mode.
2025-05-31T15:19:01.788+03:00  INFO 1856 --- [leetReader] [main] .s.d.r.c.RepositoryConfigurationDelegate : Finished Spring Data repository scanning in 247 ms. Found 3 JPA repository interfaces.
2025-05-31T15:19:02.793+03:00  INFO 1856 --- [leetReader] [main] o.s.b.w.embedded.tomcat.TomcatWebServer  : Tomcat initialized with port 8080 (http)
2025-05-31T15:19:02.824+03:00  INFO 1856 --- [leetReader] [main] o.apache.catalina.core.StandardService   : Starting service [Tomcat]
2025-05-31T15:19:02.825+03:00  INFO 1856 --- [leetReader] [main] o.apache.catalina.core.StandardEngine    : Starting Servlet engine: [Apache Tomcat/10.1.28]
2025-05-31T15:19:03.001+03:00  INFO 1856 --- [leetReader] [main] o.a.c.c.C.[Tomcat].[localhost].[/]       : Initializing Spring embedded WebApplicationContext
2025-05-31T15:19:03.002+03:00  INFO 1856 --- [leetReader] [main] w.s.c.ServletWebServerApplicationContext : Root WebApplicationContext: initialization completed in 3513 ms
2025-05-31T15:19:03.348+03:00  INFO 1856 --- [leetReader] [main] o.hibernate.jpa.internal.util.LogHelper  : HHH000204: Processing PersistenceUnitInfo [name: default]
2025-05-31T15:19:03.471+03:00  INFO 1856 --- [leetReader] [main] org.hibernate.Version                    : HHH000412: Hibernate ORM core version 6.5.2.Final
2025-05-31T15:19:03.623+03:00  INFO 1856 --- [leetReader] [main] o.h.c.internal.RegionFactoryInitiator    : HHH000026: Second-level cache disabled
2025-05-31T15:19:04.152+03:00  INFO 1856 --- [leetReader] [main] o.s.o.j.p.SpringPersistenceUnitInfo      : No LoadTimeWeaver setup: ignoring JPA class transformer
2025-05-31T15:19:04.196+03:00  INFO 1856 --- [leetReader] [main] com.zaxxer.hikari.HikariDataSource       : HikariPool-1 - Starting...
2025-05-31T15:19:04.854+03:00  INFO 1856 --- [leetReader] [main] com.zaxxer.hikari.pool.HikariPool        : HikariPool-1 - Added connection com.mysql.cj.jdbc.ConnectionImpl@4f525e13
2025-05-31T15:19:04.859+03:00  INFO 1856 --- [leetReader] [main] com.zaxxer.hikari.HikariDataSource       : HikariPool-1 - Start completed.
2025-05-31T15:19:04.979+03:00  WARN 1856 --- [leetReader] [main] org.hibernate.orm.deprecation            : HHH90000025: MySQLDialect does not need to be specified explicitly using 'hibernate.dialect' (remove the property setting and it will be selected by default)
2025-05-31T15:19:06.594+03:00  INFO 1856 --- [leetReader] [main] o.h.e.t.j.p.i.JtaPlatformInitiator       : HHH000489: No JTA platform available (set 'hibernate.transaction.jta.platform' to enable JTA platform integration)
2025-05-31T15:19:06.745+03:00  INFO 1856 --- [leetReader] [main] j.LocalContainerEntityManagerFactoryBean : Initialized JPA EntityManagerFactory for persistence unit 'default'
2025-05-31T15:19:07.275+03:00  INFO 1856 --- [leetReader] [main] o.s.d.j.r.query.QueryEnhancerFactory     : Hibernate is in classpath; If applicable, HQL parser will be used.
2025-05-31T15:19:08.759+03:00  WARN 1856 --- [leetReader] [main] JpaBaseConfiguration$JpaWebConfiguration : spring.jpa.open-in-view is enabled by default. Therefore, database queries may be performed during view rendering. Explicitly configure spring.jpa.open-in-view to disable this warning
2025-05-31T15:19:08.807+03:00  INFO 1856 --- [leetReader] [main] r$InitializeUserDetailsManagerConfigurer : Global AuthenticationManager configured with UserDetailsService bean with name userService
2025-05-31T15:19:12.802+03:00  INFO 1856 --- [leetReader] [main] o.s.b.w.embedded.tomcat.TomcatWebServer  : Tomcat started on port 8080 (http) with context path '/'
2025-05-31T15:19:12.819+03:00  INFO 1856 --- [leetReader] [main] c.l.leetReader.LeetReaderApplication     : Started LeetReaderApplication in 14.789 seconds (process running for 16.096)
2025-05-31T15:19:35.665+03:00  INFO 1856 --- [leetReader] [http-nio-8080-exec-2] o.a.c.c.C.[Tomcat].[localhost].[/]       : Initializing Spring DispatcherServlet 'dispatcherServlet'
2025-05-31T15:19:35.665+03:00  INFO 1856 --- [leetReader] [http-nio-8080-exec-2] o.s.web.servlet.DispatcherServlet        : Initializing Servlet 'dispatcherServlet'
2025-05-31T15:19:35.667+03:00  INFO 1856 --- [leetReader] [http-nio-8080-exec-2] o.s.web.servlet.DispatcherServlet        : Completed initialization in 2 ms
2025-05-31T15:19:36.279+03:00 ERROR 1856 --- [leetReader] [http-nio-8080-exec-2] c.l.l.exception.GlobalExceptionHandler   : DuplicateTitleException ⚠ You've used this title before. Please try another one!, with path /api/v1/articles/9
2025-05-31T15:19:54.414+03:00 ERROR 1856 --- [leetReader] [http-nio-8080-exec-3] c.l.l.exception.GlobalExceptionHandler   : ArticleIsNotExist: the article you try to delete is not exist., Path/api/v1/articles/97
2025-05-31T16:44:20.313+03:00  WARN 1856 --- [leetReader] [HikariPool-1 housekeeper] com.zaxxer.hikari.pool.HikariPool        : HikariPool-1 - Thread starvation or clock leap detected (housekeeper delta=45m14s841ms494µs600ns).
2025-05-31T16:51:40.529+03:00  INFO 1856 --- [leetReader] [SpringApplicationShutdownHook] j.LocalContainerEntityManagerFactoryBean : Closing JPA EntityManagerFactory for persistence unit 'default'
2025-05-31T16:51:40.536+03:00  INFO 1856 --- [leetReader] [SpringApplicationShutdownHook] com.zaxxer.hikari.HikariDataSource       : HikariPool-1 - Shutdown initiated...
2025-05-31T16:51:40.558+03:00  INFO 1856 --- [leetReader] [SpringApplicationShutdownHook] com.zaxxer.hikari.HikariDataSource       : HikariPool-1 - Shutdown completed.
